<?xml version="1.0" encoding="UTF-8"?>
<testng-results ignored="0" total="1" passed="1" failed="0" skipped="0">
  <reporter-output>
  </reporter-output>
  <suite started-at="2026-06-14T14:16:49 EDT" name="Default suite" finished-at="2026-06-14T14:16:49 EDT" duration-ms="103">
    <groups>
    </groups>
    <test started-at="2026-06-14T14:16:49 EDT" name="Default test" finished-at="2026-06-14T14:16:49 EDT" duration-ms="103">
      <class name="testcases.Testdemo">
        <test-method signature="demo()[pri:0, instance:testcases.Testdemo@2a3b5b47]" started-at="2026-06-14T14:16:49 EDT" name="demo" finished-at="2026-06-14T14:16:49 EDT" duration-ms="20" status="PASS">
          <reporter-output>
          </reporter-output>
        </test-method> <!-- demo -->
      </class> <!-- testcases.Testdemo -->
    </test> <!-- Default test -->
  </suite> <!-- Default suite -->
</testng-results>
